[debug] [2022-05-05T14:17:33.253Z] ----------------------------------------------------------------------
[debug] [2022-05-05T14:17:33.256Z] Command:       C:\Program Files\nodejs\node.exe C:\Users\Texer\AppData\Roaming\npm\node_modules\firebase-tools\lib\bin\firebase.js init
[debug] [2022-05-05T14:17:33.257Z] CLI Version:   10.7.2
[debug] [2022-05-05T14:17:33.257Z] Platform:      win32
[debug] [2022-05-05T14:17:33.257Z] Node Version:  v12.18.4
[debug] [2022-05-05T14:17:33.258Z] Time:          Thu May 05 2022 11:17:33 GMT-0300 (GMT-03:00)
[debug] [2022-05-05T14:17:33.259Z] ----------------------------------------------------------------------
[debug] 
[debug] [2022-05-05T14:17:33.268Z] > command requires scopes: ["email","openid","https://www.googleapis.com/auth/cloudplatformprojects.readonly","https://www.googleapis.com/auth/firebase","https://www.googleapis.com/auth/cloud-platform"]
[debug] [2022-05-05T14:17:33.268Z] > authorizing via signed-in user (texerathamyres@gmail.com)
[info] 
     ######## #### ########  ######## ########     ###     ######  ########
     ##        ##  ##     ## ##       ##     ##  ##   ##  ##       ##
     ######    ##  ########  ######   ########  #########  ######  ######
     ##        ##  ##    ##  ##       ##     ## ##     ##       ## ##
     ##       #### ##     ## ######## ########  ##     ##  ######  ########

You're about to initialize a Firebase project in this directory:

  C:\xampp\htdocs\Laravel\iVote

Before we get started, keep in mind:

  * You are currently outside your home directory

